#
# There is insufficient memory for the Java Runtime Environment to continue.
# Native memory allocation (malloc) failed to allocate 1248016 bytes for Chunk::new
# Possible reasons:
#   The system is out of physical RAM or swap space
#   In 32 bit mode, the process size limit was hit
# Possible solutions:
#   Reduce memory load on the system
#   Increase physical memory or swap space
#   Check if swap backing store is full
#   Use 64 bit Java on a 64 bit OS
#   Decrease Java heap size (-Xmx/-Xms)
#   Decrease number of Java threads
#   Decrease Java thread stack sizes (-Xss)
#   Set larger code cache with -XX:ReservedCodeCacheSize=
# This output file may be truncated or incomplete.
#
#  Out of Memory Error (allocation.cpp:317), pid=24388, tid=21936
#
# JRE version: 6.0_29-b11
# Java VM: Java HotSpot(TM) 64-Bit Server VM (20.4-b02 mixed mode windows-amd64 compressed oops)

---------------  T H R E A D  ---------------

Current thread (0x000000000657a000):  JavaThread "C2 CompilerThread1" daemon [_thread_in_native, id=21936, stack(0x0000000006a20000,0x0000000006b20000)]

Stack: [0x0000000006a20000,0x0000000006b20000]

Current CompileTask:
C2:  17550 560      java.beans.Introspector.getTargetMethodInfo()[Ljava/beans/MethodDescriptor; (255 bytes)


---------------  P R O C E S S  ---------------

Java Threads: ( => current thread )
  0x0000000007e17800 JavaThread "File lock request listener" [_thread_in_native, id=25204, stack(0x000000000a480000,0x000000000a580000)]
  0x000000000816e000 JavaThread "Stdin handler" [_thread_blocked, id=25220, stack(0x00000000093b0000,0x00000000094b0000)]
  0x0000000007ea1800 JavaThread "Daemon worker" [_thread_in_native, id=19812, stack(0x00000000091b0000,0x00000000092b0000)]
  0x0000000007ea1000 JavaThread "Cancel handler" [_thread_blocked, id=23972, stack(0x00000000090b0000,0x00000000091b0000)]
  0x0000000008804800 JavaThread "Handler for socket connection from /127.0.0.1:13830 to /127.0.0.1:13832" [_thread_in_native, id=20980, stack(0x0000000008fb0000,0x00000000090b0000)]
  0x00000000080bb000 JavaThread "Daemon" [_thread_blocked, id=22196, stack(0x0000000008eb0000,0x0000000008fb0000)]
  0x0000000007f19000 JavaThread "Incoming local TCP Connector on port 13830" [_thread_in_native, id=25372, stack(0x0000000008db0000,0x0000000008eb0000)]
  0x0000000006588800 JavaThread "Low Memory Detector" daemon [_thread_blocked, id=22628, stack(0x0000000006b20000,0x0000000006c20000)]
=>0x000000000657a000 JavaThread "C2 CompilerThread1" daemon [_thread_in_native, id=21936, stack(0x0000000006a20000,0x0000000006b20000)]
  0x0000000006578000 JavaThread "C2 CompilerThread0" daemon [_thread_blocked, id=19496, stack(0x0000000006920000,0x0000000006a20000)]
  0x0000000006574800 JavaThread "Attach Listener" daemon [_thread_blocked, id=24764, stack(0x0000000006820000,0x0000000006920000)]
  0x000000000656f000 JavaThread "Signal Dispatcher" daemon [_thread_blocked, id=23648, stack(0x0000000006720000,0x0000000006820000)]
  0x0000000000316800 JavaThread "Finalizer" daemon [_thread_blocked, id=24812, stack(0x0000000006420000,0x0000000006520000)]
  0x0000000000315000 JavaThread "Reference Handler" daemon [_thread_blocked, id=25008, stack(0x0000000006320000,0x0000000006420000)]
  0x000000000037c000 JavaThread "main" [_thread_blocked, id=2736, stack(0x00000000022a0000,0x00000000023a0000)]

Other Threads:
  0x000000000030f000 VMThread [stack: 0x0000000006220000,0x0000000006320000] [id=20624]
  0x0000000006591800 WatcherThread [stack: 0x0000000006c20000,0x0000000006d20000] [id=25052]

VM state:not at safepoint (normal execution)

VM Mutex/Monitor currently owned by a thread: None

Heap
 PSYoungGen      total 70144K, used 38747K [0x00000000eaab0000, 0x00000000ef790000, 0x0000000100000000)
  eden space 61696K, 57% used [0x00000000eaab0000,0x00000000ecd5efb0,0x00000000ee6f0000)
  from space 8448K, 38% used [0x00000000eef50000,0x00000000ef278000,0x00000000ef790000)
  to   space 8512K, 0% used [0x00000000ee6f0000,0x00000000ee6f0000,0x00000000eef40000)
 PSOldGen        total 86336K, used 7104K [0x00000000c0000000, 0x00000000c5450000, 0x00000000eaab0000)
  object space 86336K, 8% used [0x00000000c0000000,0x00000000c06f0240,0x00000000c5450000)
 PSPermGen       total 46272K, used 46085K [0x00000000b0000000, 0x00000000b2d30000, 0x00000000c0000000)
  object space 46272K, 99% used [0x00000000b0000000,0x00000000b2d01670,0x00000000b2d30000)

Code Cache  [0x00000000023a0000, 0x00000000026f0000, 0x00000000053a0000)
 total_blobs=1136 nmethods=555 adapters=534 free_code_cache=46967680 largest_free_block=28416

Dynamic libraries:
0x0000000000400000 - 0x000000000042e000 	C:\Program Files\Java\jdk1.6.0_29\bin\java.exe
0x0000000077b80000 - 0x0000000077d2a000 	C:\Windows\SYSTEM32\ntdll.dll
0x0000000077960000 - 0x0000000077a7f000 	C:\Windows\system32\kernel32.dll
0x000007fefde20000 - 0x000007fefde8a000 	C:\Windows\system32\KERNELBASE.dll
0x000007fefdfb0000 - 0x000007fefe08b000 	C:\Windows\system32\ADVAPI32.dll
0x000007feff8f0000 - 0x000007feff98f000 	C:\Windows\system32\msvcrt.dll
0x000007fefe1d0000 - 0x000007fefe1ef000 	C:\Windows\SYSTEM32\sechost.dll
0x000007feffba0000 - 0x000007feffccd000 	C:\Windows\system32\RPCRT4.dll
0x0000000068000000 - 0x0000000068058000 	C:\Windows\System32\QIPCAP64.dll
0x000007fefe3f0000 - 0x000007feff17c000 	C:\Windows\system32\SHELL32.dll
0x000007feff870000 - 0x000007feff8e1000 	C:\Windows\system32\SHLWAPI.dll
0x000007feff3e0000 - 0x000007feff447000 	C:\Windows\system32\GDI32.dll
0x0000000077a80000 - 0x0000000077b7a000 	C:\Windows\system32\USER32.dll
0x000007fefe090000 - 0x000007fefe09e000 	C:\Windows\system32\LPK.dll
0x000007feff590000 - 0x000007feff65a000 	C:\Windows\system32\USP10.dll
0x000007fefd130000 - 0x000007fefd18b000 	C:\Windows\system32\DNSAPI.dll
0x000007fefe210000 - 0x000007fefe25d000 	C:\Windows\system32\WS2_32.dll
0x000007fefdfa0000 - 0x000007fefdfa8000 	C:\Windows\system32\NSI.dll
0x000007feff660000 - 0x000007feff68e000 	C:\Windows\system32\IMM32.DLL
0x000007fefde90000 - 0x000007fefdf99000 	C:\Windows\system32\MSCTF.dll
0x000000006d890000 - 0x000000006e048000 	C:\Program Files\Java\jdk1.6.0_29\jre\bin\server\jvm.dll
0x000007fefbc20000 - 0x000007fefbc5b000 	C:\Windows\system32\WINMM.dll
0x000000006d800000 - 0x000000006d80e000 	C:\Program Files\Java\jdk1.6.0_29\jre\bin\verify.dll
0x000000006d450000 - 0x000000006d477000 	C:\Program Files\Java\jdk1.6.0_29\jre\bin\java.dll
0x000000006d850000 - 0x000000006d862000 	C:\Program Files\Java\jdk1.6.0_29\jre\bin\zip.dll
0x000000006d6a0000 - 0x000000006d6b7000 	C:\Program Files\Java\jdk1.6.0_29\jre\bin\net.dll
0x000007fefd2b0000 - 0x000007fefd305000 	C:\Windows\system32\mswsock.dll
0x000007fefd2a0000 - 0x000007fefd2a7000 	C:\Windows\System32\wship6.dll
0x000000006d6c0000 - 0x000000006d6cb000 	C:\Program Files\Java\jdk1.6.0_29\jre\bin\nio.dll
0x000007fed5200000 - 0x000007fed5212000 	C:\Users\ext0132016\.gradle\native\19\windows-amd64\native-platform.dll
0x000007fefcca0000 - 0x000007fefcca7000 	C:\Windows\System32\wshtcpip.dll
0x000007fefacd0000 - 0x000007fefacf7000 	C:\Windows\system32\iphlpapi.dll
0x000007fefacc0000 - 0x000007fefaccb000 	C:\Windows\system32\WINNSI.DLL
0x000007fefa6b0000 - 0x000007fefa6c8000 	C:\Windows\system32\dhcpcsvc.DLL
0x000007fefa5d0000 - 0x000007fefa5e1000 	C:\Windows\system32\dhcpcsvc6.DLL
0x000007fefd310000 - 0x000007fefd328000 	C:\Windows\system32\CRYPTSP.dll
0x000007fefcff0000 - 0x000007fefd037000 	C:\Windows\system32\rsaenh.dll
0x000007fefd0e0000 - 0x000007fefd0fe000 	C:\Windows\system32\USERENV.dll
0x000007fefda80000 - 0x000007fefda8f000 	C:\Windows\system32\profapi.dll
0x000007fefd9b0000 - 0x000007fefd9bf000 	C:\Windows\system32\CRYPTBASE.dll
0x000007fefb330000 - 0x000007fefb345000 	C:\Windows\system32\NLAapi.dll
0x000007fef9ad0000 - 0x000007fef9ae5000 	C:\Windows\system32\napinsp.dll
0x000007fef9af0000 - 0x000007fef9b09000 	C:\Windows\system32\pnrpnsp.dll
0x000007fef9ab0000 - 0x000007fef9abb000 	C:\Windows\System32\winrnr.dll
0x0000000075450000 - 0x0000000075476000 	C:\Program Files\Bonjour\mdnsNSP.dll
0x000007fef9aa0000 - 0x000007fef9ab0000 	C:\Windows\system32\wshbth.dll
0x000007fef9ac0000 - 0x000007fef9ac8000 	C:\Windows\system32\rasadhlp.dll
0x000007fefa950000 - 0x000007fefa9a3000 	C:\Windows\System32\fwpuclnt.dll
0x000007fefd950000 - 0x000007fefd9a7000 	C:\Windows\system32\apphelp.dll
0x000000006d5e0000 - 0x000000006d5ea000 	C:\Program Files\Java\jdk1.6.0_29\jre\bin\management.dll
0x0000000077d50000 - 0x0000000077d57000 	C:\Windows\system32\PSAPI.DLL

VM Arguments:
jvm_args: -XX:MaxPermSize=256m -XX:+HeapDumpOnOutOfMemoryError -Xmx1024m -Dfile.encoding=windows-1254 -Duser.country=US -Duser.language=en -Duser.variant 
java_command: org.gradle.launcher.daemon.bootstrap.GradleDaemon 2.10
Launcher Type: SUN_STANDARD

Environment Variables:
PATH=C:\ProgramData\Oracle\Java\javapath;C:\OraHome_1\jre\1.4.2\bin\client;C:\OraHome_1\jre\1.4.2\bin;C:\OracleATS\oxe\app\oracle\product\10.2.0\server\bin;c:\oracle\BIToolsHome_1\bin;c:\oracle\BIToolsHome_1\jlib;c:\oracle\BIToolsHome_1\jre\1.4.2\bin\client;c:\oracle\BIToolsHome_1\jre\1.4.2\bin;c:\DevSuiteHome_1\jdk\jre\bin\classic;c:\DevSuiteHome_1\jdk\jre\bin;c:\DevSuiteHome_1\jdk\jre\bin\client;c:\DevSuiteHome_1\jlib;c:\DevSuiteHome_1\bin;c:\DevSuiteHome_1\jre\1.4.2\bin\client;c:\DevSuiteHome_1\jre\1.4.2\bin;c:\app\Administrator\product\11.2.0\client_1;C:\Program Files (x86)\EasyPHP-DevServer-14.1VC11\binaries\php\php_runningversion;C:\Windows\system32;C:\Windows;C:\Windows\System32\Wbem;C:\Windows\System32\WindowsPowerShell\v1.0\;C:\Program Files (x86)\ATI Technologies\ATI.ACE\Core-Static;C:\Program Files\TortoiseSVN\bin;C:\Program Files\TortoiseGit\bin;C:\Program Files\nodejs\;C:\Program Files (x86)\Windows Kits\8.1\Windows Performance Toolkit\;C:\Program Files\Microsoft SQL Server\110\Tools\Binn\;C:\Program Files (x86)\Sennheiser\SoftphoneSDK\;d:\Git\cmd;C:\Users\Administrator\AppData\Roaming\npm
USERNAME=EXT0132016
OS=Windows_NT
PROCESSOR_IDENTIFIER=Intel64 Family 6 Model 69 Stepping 1, GenuineIntel



---------------  S Y S T E M  ---------------

OS: Windows 7 , 64 bit Build 7601 Service Pack 1

CPU:total 4 (2 cores per cpu, 2 threads per core) family 6 model 69 stepping 1, cmov, cx8, fxsr, mmx, sse, sse2, sse3, ssse3, sse4.1, sse4.2, popcnt, ht

Memory: 4k page, physical 8283248k(674676k free), swap 12475692k(2844k free)

vm_info: Java HotSpot(TM) 64-Bit Server VM (20.4-b02) for windows-amd64 JRE (1.6.0_29-b11), built on Oct  3 2011 01:06:42 by "java_re" with MS VC++ 8.0 (VS2005)

time: Thu Jul 14 14:53:35 2016
elapsed time: 17 seconds

